9 Disable 1rag1 type parameters (Recommended)
13 Disable Ragexe Filename Check (Recommended)
16 Disable Swear Filter
23 Enable /who command (Recommended)
30 Increase Zoom Out 50%
34 Enable /showname (Recommended)
36 Always read msgstringtable.txt (Recommended)
38 Remove Gravity Ads (Recommended)
39 Remove Gravity Logo (Recommended)
41 Disable Nagle Algorithm (Recommended)
44 Translate Client (Recommended)
46 Use Normal Guild Brackets (Recommended)
47 Use Ragnarok Icon
49 Enable Multiple GRFs (Recommended)
50 Skip License Screen
64 @ Bug Fix (Recommended)
65 Load Custom lua file instead of iteminfo*.lub (Recommended)
73 Remove Hourly Announce (Recommended)
84 Remove Serial Display (Recommended)
90 Enable DNS Support (Recommended)
106 Hide BG Button
108 Hide Booking Button
110 Hide Achievements Button
213 Disable Help Message on Login (Recommended)
215 Increase Map Quality
216 Hide Cash Shop
226 Disable Walk To Delay.
231 Remove hardcoded address/port (Recommended)
232 Restore old login packet (Recommended)
235 Enable guild while in clan
270 Change AchievementList*.lub path
271 Change MonsterSizeEffect*.lub path
272 Change Towninfo*.lub path
273 Change PetEvolutionCln*.lub path
274 Change Tipbox*.lub path
275 Change CheckAttendance*.lub path
276 Change OngoingQuestInfoList*.lub path
277 Change RecommendedQuestInfoList*.lub path
278 Change PrivateAirplane*.lub path
290 Hide build info in client (Recommended)
291 Hide packets from peek (Recommended)
306 Hide shop button
308 Hide adventurer agency button
313 Change MapInfo*.lub path
316 Remove Equipment Swap Button
325 Remove Equipment Title UI
336 Remove Equipment Preview Button
420 Fix Camera Angles (custom)
432 Disable Game Guard (NProtect) (Recommended)
438 Set fixed server ip address
475 Remove trait open button from status window
